{
  "RSpec": {
    "coverage": {
      "/home/breezy-agent-6828/tic-tac-toe-rb-ruby-intro-000/lib/tic_tac_toe.rb": [
        null,
        1,
        null,
        null,
        null,
        null,
        null,
        null,
        null,
        null,
        null,
        1,
        null,
        1,
        24,
        24,
        24,
        24,
        24,
        null,
        null,
        1,
        23,
        null,
        null,
        1,
        22,
        null,
        null,
        1,
        137,
        112,
        25,
        25,
        null,
        null,
        null,
        1,
        24,
        20,
        null,
        4,
        null,
        null,
        null,
        1,
        21,
        21,
        189,
        32,
        null,
        null,
        21,
        null,
        null,
        null,
        1,
        20,
        13,
        null,
        7,
        null,
        null,
        null,
        1,
        20,
        20,
        20,
        null,
        20,
        19,
        19,
        null,
        1,
        1,
        1,
        null,
        null,
        null,
        1,
        54,
        null,
        349,
        349,
        349,
        null,
        349,
        349,
        349,
        349,
        22,
        null,
        null,
        32,
        null,
        null,
        1,
        189,
        21,
        null,
        10,
        null,
        null,
        null,
        1,
        30,
        7,
        null,
        23,
        null,
        null,
        null,
        1,
        22,
        10,
        null,
        12,
        null,
        null,
        null,
        1,
        22,
        7,
        null,
        null,
        null,
        null,
        null,
        1,
        12,
        18,
        null,
        12,
        4,
        8,
        1,
        7,
        7,
        null,
        null
      ]
    },
    "timestamp": 1603818478
  }
}
